
Showing logs for build [32mcb-kubecd-environment-pr-191-54-fxwbp-1[0m stage [32mfrom-build-pack[0m and container [32mstep-credential-initializer-bdndd[0m
{"level":"warn","ts":1585372223.2543788,"logger":"fallback-logger","caller":"logging/config.go:69","msg":"Fetch GitHub commit ID from kodata failed: \"ref: refs/heads/0.8.0-**-support-backwards-incompats\" is not a valid GitHub commit ID"}
{"level":"info","ts":1585372223.254804,"logger":"fallback-logger","caller":"creds-init/main.go:40","msg":"Credentials initialized."}

Showing logs for build [32mcb-kubecd-environment-pr-191-54-fxwbp-1[0m stage [32mfrom-build-pack[0m and container [32mstep-working-dir-initializer-r5hqs[0m
{"level":"warn","ts":1585372224.1263719,"logger":"fallback-logger","caller":"logging/config.go:69","msg":"Fetch GitHub commit ID from kodata failed: open /var/run/ko/HEAD: no such file or directory"}
{"level":"info","ts":1585372224.1277986,"logger":"fallback-logger","caller":"bash/main.go:64","msg":"Successfully executed command \"sh -c mkdir -p /workspace/source\"; output "}

Showing logs for build [32mcb-kubecd-environment-pr-191-54-fxwbp-1[0m stage [32mfrom-build-pack[0m and container [32mstep-place-tools[0m

Showing logs for build [32mcb-kubecd-environment-pr-191-54-fxwbp-1[0m stage [32mfrom-build-pack[0m and container [32mstep-git-source-cb-kubecd-environment-pr-191-54-fxwbp-fpncb[0m
{"level":"warn","ts":1585372251.227354,"logger":"fallback-logger","caller":"logging/config.go:69","msg":"Fetch GitHub commit ID from kodata failed: \"ref: refs/heads/0.8.0-**-support-backwards-incompats\" is not a valid GitHub commit ID"}
{"level":"info","ts":1585372252.3934956,"logger":"fallback-logger","caller":"git/git.go:103","msg":"Successfully cloned https://github.com/cb-kubecd/environment-pr-191-54-boot-vault-gke-staging.git @ master in path /workspace/source"}

Showing logs for build [32mcb-kubecd-environment-pr-191-54-fxwbp-1[0m stage [32mfrom-build-pack[0m and container [32mstep-git-merge[0m
Using SHAs from PULL_REFS=master:0ec4881581696b64b46a44fdafd6eaa888a39cb5,2:0be6a66c5ea1ae0e2d4eb852d41c27d88bd63eb8
DEBUG: LC_ALL=C JX_LOG_LEVEL=error git fetch origin --unshallow 0be6a66c5ea1ae0e2d4eb852d41c27d88bd63eb8: 0ec4881581696b64b46a44fdafd6eaa888a39cb5:
DEBUG: ran git fetch --unshallow origin 0be6a66c5ea1ae0e2d4eb852d41c27d88bd63eb8: 0ec4881581696b64b46a44fdafd6eaa888a39cb5: in 
DEBUG: LC_ALL=C JX_LOG_LEVEL=error git branch
DEBUG: LC_ALL=C JX_LOG_LEVEL=error git checkout master
DEBUG: ran git checkout master in 
DEBUG: LC_ALL=C JX_LOG_LEVEL=error git reset --hard 0ec4881581696b64b46a44fdafd6eaa888a39cb5
DEBUG: ran git reset --hard 0ec4881581696b64b46a44fdafd6eaa888a39cb5 in 
DEBUG: JX_LOG_LEVEL=error LC_ALL=C git clean -fd .
DEBUG: ran clean --force -d . in 
DEBUG: LC_ALL=C JX_LOG_LEVEL=error git merge 0be6a66c5ea1ae0e2d4eb852d41c27d88bd63eb8
DEBUG: ran git merge 0be6a66c5ea1ae0e2d4eb852d41c27d88bd63eb8 in 
DEBUG: LC_ALL=C JX_LOG_LEVEL=error git log --format=%H%x1f%an%x1f%ae%x1f%cn%x1f%ce%x1f%s%n%b%x1e 0ec4881581696b64b46a44fdafd6eaa888a39cb5..HEAD
Merged SHA 0be6a66c5ea1ae0e2d4eb852d41c27d88bd63eb8 with commit message 'chore: Promote bdd-nh-1585371942 to version 0.0.1' into base branch master

Showing logs for build [32mcb-kubecd-environment-pr-191-54-fxwbp-1[0m stage [32mfrom-build-pack[0m and container [32mstep-build-helm-build[0m
WARNING: No $CHART_REPOSITORY defined so using the default value of: http://jenkins-x-chartmuseum:8080
Adding missing Helm repo: storage.googleapis.com https://storage.googleapis.com/chartmuseum.jenkins-x.io
WARNING: No secrets found on "helm/repos" due: reading the secret "helm/repos" from vault: no secret "helm/repos" not found in vault
Read credentials for https://storage.googleapis.com/chartmuseum.jenkins-x.io from vault helm/repos
Successfully added Helm repository storage.googleapis.com.
Adding missing Helm repo: jenkins-x-chartmuseum http://jenkins-x-chartmuseum:8080
WARNING: No secrets found on "helm/repos" due: reading the secret "helm/repos" from vault: no secret "helm/repos" not found in vault
Read credentials for http://jenkins-x-chartmuseum:8080 from vault helm/repos
Successfully added Helm repository jenkins-x-chartmuseum.
WARNING: No $CHART_REPOSITORY defined so using the default value of: http://jenkins-x-chartmuseum:8080
Adding missing Helm repo: chartmuseum.jenkins-x.io http://chartmuseum.jenkins-x.io
WARNING: No secrets found on "helm/repos" due: reading the secret "helm/repos" from vault: no secret "helm/repos" not found in vault
Read credentials for http://chartmuseum.jenkins-x.io from vault helm/repos
Successfully added Helm repository chartmuseum.jenkins-x.io.
