
Showing logs for build [32mcb-kubecd-environment-pr-191-54-5gztk-1[0m stage [32mfrom-build-pack[0m and container [32mstep-credential-initializer-nvc24[0m
{"level":"warn","ts":1585374914.19935,"logger":"fallback-logger","caller":"logging/config.go:69","msg":"Fetch GitHub commit ID from kodata failed: \"ref: refs/heads/0.8.0-**-support-backwards-incompats\" is not a valid GitHub commit ID"}
{"level":"info","ts":1585374914.2002492,"logger":"fallback-logger","caller":"creds-init/main.go:40","msg":"Credentials initialized."}

Showing logs for build [32mcb-kubecd-environment-pr-191-54-5gztk-1[0m stage [32mfrom-build-pack[0m and container [32mstep-working-dir-initializer-9qxgz[0m
{"level":"warn","ts":1585374915.6094904,"logger":"fallback-logger","caller":"logging/config.go:69","msg":"Fetch GitHub commit ID from kodata failed: open /var/run/ko/HEAD: no such file or directory"}
{"level":"info","ts":1585374915.6117465,"logger":"fallback-logger","caller":"bash/main.go:64","msg":"Successfully executed command \"sh -c mkdir -p /workspace/source\"; output "}

Showing logs for build [32mcb-kubecd-environment-pr-191-54-5gztk-1[0m stage [32mfrom-build-pack[0m and container [32mstep-place-tools[0m

Showing logs for build [32mcb-kubecd-environment-pr-191-54-5gztk-1[0m stage [32mfrom-build-pack[0m and container [32mstep-git-source-cb-kubecd-environment-pr-191-54-5gztk-2gksc[0m
{"level":"warn","ts":1585374919.6771786,"logger":"fallback-logger","caller":"logging/config.go:69","msg":"Fetch GitHub commit ID from kodata failed: \"ref: refs/heads/0.8.0-**-support-backwards-incompats\" is not a valid GitHub commit ID"}
{"level":"info","ts":1585374920.8081431,"logger":"fallback-logger","caller":"git/git.go:103","msg":"Successfully cloned https://github.com/cb-kubecd/environment-pr-191-54-boot-vault-gke-staging.git @ master in path /workspace/source"}

Showing logs for build [32mcb-kubecd-environment-pr-191-54-5gztk-1[0m stage [32mfrom-build-pack[0m and container [32mstep-git-merge[0m
Using SHAs from PULL_REFS=master:ccf35de25872dfe0f71531fb6c7e08a1c3bf3848,4:022a4bb37a1e6851f5a376b45da3be0603ab9f49
DEBUG: LC_ALL=C JX_LOG_LEVEL=error git fetch origin --unshallow 022a4bb37a1e6851f5a376b45da3be0603ab9f49: ccf35de25872dfe0f71531fb6c7e08a1c3bf3848:
DEBUG: ran git fetch --unshallow origin 022a4bb37a1e6851f5a376b45da3be0603ab9f49: ccf35de25872dfe0f71531fb6c7e08a1c3bf3848: in 
DEBUG: LC_ALL=C JX_LOG_LEVEL=error git branch
DEBUG: LC_ALL=C JX_LOG_LEVEL=error git checkout master
DEBUG: ran git checkout master in 
DEBUG: JX_LOG_LEVEL=error LC_ALL=C git reset --hard ccf35de25872dfe0f71531fb6c7e08a1c3bf3848
DEBUG: ran git reset --hard ccf35de25872dfe0f71531fb6c7e08a1c3bf3848 in 
DEBUG: LC_ALL=C JX_LOG_LEVEL=error git clean -fd .
DEBUG: ran clean --force -d . in 
DEBUG: LC_ALL=C JX_LOG_LEVEL=error git merge 022a4bb37a1e6851f5a376b45da3be0603ab9f49
DEBUG: ran git merge 022a4bb37a1e6851f5a376b45da3be0603ab9f49 in 
DEBUG: LC_ALL=C JX_LOG_LEVEL=error git log --format=%H%x1f%an%x1f%ae%x1f%cn%x1f%ce%x1f%s%n%b%x1e ccf35de25872dfe0f71531fb6c7e08a1c3bf3848..HEAD
Merged SHA 022a4bb37a1e6851f5a376b45da3be0603ab9f49 with commit message 'chore: Promote bdd-gh-1585371942 to version 0.0.1' into base branch master

Showing logs for build [32mcb-kubecd-environment-pr-191-54-5gztk-1[0m stage [32mfrom-build-pack[0m and container [32mstep-build-helm-build[0m
WARNING: No $CHART_REPOSITORY defined so using the default value of: http://jenkins-x-chartmuseum:8080
Adding missing Helm repo: storage.googleapis.com https://storage.googleapis.com/chartmuseum.jenkins-x.io
WARNING: No secrets found on "helm/repos" due: reading the secret "helm/repos" from vault: no secret "helm/repos" not found in vault
Read credentials for https://storage.googleapis.com/chartmuseum.jenkins-x.io from vault helm/repos
Successfully added Helm repository storage.googleapis.com.
Adding missing Helm repo: jenkins-x-chartmuseum http://jenkins-x-chartmuseum:8080
WARNING: No secrets found on "helm/repos" due: reading the secret "helm/repos" from vault: no secret "helm/repos" not found in vault
Read credentials for http://jenkins-x-chartmuseum:8080 from vault helm/repos
Successfully added Helm repository jenkins-x-chartmuseum.
WARNING: No $CHART_REPOSITORY defined so using the default value of: http://jenkins-x-chartmuseum:8080
Adding missing Helm repo: chartmuseum.jenkins-x.io http://chartmuseum.jenkins-x.io
WARNING: No secrets found on "helm/repos" due: reading the secret "helm/repos" from vault: no secret "helm/repos" not found in vault
Read credentials for http://chartmuseum.jenkins-x.io from vault helm/repos
Successfully added Helm repository chartmuseum.jenkins-x.io.
